# JRE version: OpenJDK Runtime Environment (8.0_242-b01) (build 1.8.0_242-release-1644-b01)
# Java VM: OpenJDK 64-Bit Server VM (25.242-b01 mixed mode windows-amd64 compressed oops)
Heap:
 PSYoungGen      total 250368K, used 68712K [0x00000000d5580000, 0x00000000ea600000, 0x0000000100000000)
  eden space 229888K, 20% used [0x00000000d5580000,0x00000000d849ea80,0x00000000e3600000)
  from space 20480K, 99% used [0x00000000e5680000,0x00000000e6a7b5a8,0x00000000e6a80000)
  to   space 33280K, 0% used [0x00000000e3600000,0x00000000e3600000,0x00000000e5680000)
 ParOldGen       total 94208K, used 58946K [0x0000000080000000, 0x0000000085c00000, 0x00000000d5580000)
  object space 94208K, 62% used [0x0000000080000000,0x0000000083990bd0,0x0000000085c00000)
 Metaspace       used 69820K, capacity 73370K, committed 73640K, reserved 1112064K
  class space    used 9597K, capacity 10290K, committed 10416K, reserved 1048576K
GC Heap History (10 events):
Event: 25.464 GC heap before
{Heap before GC invocations=13 (full 2):
 PSYoungGen      total 190464K, used 178688K [0x00000000d5580000, 0x00000000e1d00000, 0x0000000100000000)
  eden space 178688K, 100% used [0x00000000d5580000,0x00000000e0400000,0x00000000e0400000)
  from space 11776K, 0% used [0x00000000e1180000,0x00000000e1180000,0x00000000e1d00000)
  to   space 12800K, 0% used [0x00000000e0400000,0x00000000e0400000,0x00000000e1080000)
 ParOldGen       total 54272K, used 15573K [0x0000000080000000, 0x0000000083500000, 0x00000000d5580000)
  object space 54272K, 28% used [0x0000000080000000,0x0000000080f35478,0x0000000083500000)
 Metaspace       used 49472K, capacity 51102K, committed 51368K, reserved 1093632K
  class space    used 6616K, capacity 7036K, committed 7088K, reserved 1048576K
Event: 25.603 GC heap after
Heap after GC invocations=13 (full 2):
 PSYoungGen      total 191488K, used 12790K [0x00000000d5580000, 0x00000000e4900000, 0x0000000100000000)
  eden space 178688K, 0% used [0x00000000d5580000,0x00000000d5580000,0x00000000e0400000)
  from space 12800K, 99% used [0x00000000e0400000,0x00000000e107d830,0x00000000e1080000)
  to   space 17920K, 0% used [0x00000000e3780000,0x00000000e3780000,0x00000000e4900000)
 ParOldGen       total 54272K, used 24559K [0x0000000080000000, 0x0000000083500000, 0x00000000d5580000)
  object space 54272K, 45% used [0x0000000080000000,0x00000000817fbf78,0x0000000083500000)
 Metaspace       used 49472K, capacity 51102K, committed 51368K, reserved 1093632K
  class space    used 6616K, capacity 7036K, committed 7088K, reserved 1048576K
}
Event: 31.146 GC heap before
{Heap before GC invocations=14 (full 2):
 PSYoungGen      total 191488K, used 100412K [0x00000000d5580000, 0x00000000e4900000, 0x0000000100000000)
  eden space 178688K, 49% used [0x00000000d5580000,0x00000000dab119e0,0x00000000e0400000)
  from space 12800K, 99% used [0x00000000e0400000,0x00000000e107d830,0x00000000e1080000)
  to   space 17920K, 0% used [0x00000000e3780000,0x00000000e3780000,0x00000000e4900000)
 ParOldGen       total 54272K, used 24559K [0x0000000080000000, 0x0000000083500000, 0x00000000d5580000)
  object space 54272K, 45% used [0x0000000080000000,0x00000000817fbf78,0x0000000083500000)
 Metaspace       used 57134K, capacity 59052K, committed 59160K, reserved 1099776K
  class space    used 7830K, capacity 8281K, committed 8368K, reserved 1048576K
Event: 31.212 GC heap after
Heap after GC invocations=14 (full 2):
 PSYoungGen      total 227328K, used 9762K [0x00000000d5580000, 0x00000000e4700000, 0x0000000100000000)
  eden space 211456K, 0% used [0x00000000d5580000,0x00000000d5580000,0x00000000e2400000)
  from space 15872K, 61% used [0x00000000e3780000,0x00000000e4108998,0x00000000e4700000)
  to   space 17920K, 0% used [0x00000000e2400000,0x00000000e2400000,0x00000000e3580000)
 ParOldGen       total 54272K, used 36404K [0x0000000080000000, 0x0000000083500000, 0x00000000d5580000)
  object space 54272K, 67% used [0x0000000080000000,0x000000008238d058,0x0000000083500000)
 Metaspace       used 57134K, capacity 59052K, committed 59160K, reserved 1099776K
  class space    used 7830K, capacity 8281K, committed 8368K, reserved 1048576K
}
Event: 31.212 GC heap before
{Heap before GC invocations=15 (full 3):
 PSYoungGen      total 227328K, used 9762K [0x00000000d5580000, 0x00000000e4700000, 0x0000000100000000)
  eden space 211456K, 0% used [0x00000000d5580000,0x00000000d5580000,0x00000000e2400000)
  from space 15872K, 61% used [0x00000000e3780000,0x00000000e4108998,0x00000000e4700000)
  to   space 17920K, 0% used [0x00000000e2400000,0x00000000e2400000,0x00000000e3580000)
 ParOldGen       total 54272K, used 36404K [0x0000000080000000, 0x0000000083500000, 0x00000000d5580000)
  object space 54272K, 67% used [0x0000000080000000,0x000000008238d058,0x0000000083500000)
 Metaspace       used 57134K, capacity 59052K, committed 59160K, reserved 1099776K
  class space    used 7830K, capacity 8281K, committed 8368K, reserved 1048576K
Event: 32.638 GC heap after
Heap after GC invocations=15 (full 3):
 PSYoungGen      total 227328K, used 0K [0x00000000d5580000, 0x00000000e4700000, 0x0000000100000000)
  eden space 211456K, 0% used [0x00000000d5580000,0x00000000d5580000,0x00000000e2400000)
  from space 15872K, 0% used [0x00000000e3780000,0x00000000e3780000,0x00000000e4700000)
  to   space 17920K, 0% used [0x00000000e2400000,0x00000000e2400000,0x00000000e3580000)
 ParOldGen       total 94208K, used 33429K [0x0000000080000000, 0x0000000085c00000, 0x00000000d5580000)
  object space 94208K, 35% used [0x0000000080000000,0x00000000820a56e8,0x0000000085c00000)
 Metaspace       used 57125K, capacity 59022K, committed 59160K, reserved 1099776K
  class space    used 7828K, capacity 8276K, committed 8368K, reserved 1048576K
}
Event: 46.456 GC heap before
{Heap before GC invocations=16 (full 3):
 PSYoungGen      total 227328K, used 211456K [0x00000000d5580000, 0x00000000e4700000, 0x0000000100000000)
  eden space 211456K, 100% used [0x00000000d5580000,0x00000000e2400000,0x00000000e2400000)
  from space 15872K, 0% used [0x00000000e3780000,0x00000000e3780000,0x00000000e4700000)
  to   space 17920K, 0% used [0x00000000e2400000,0x00000000e2400000,0x00000000e3580000)
 ParOldGen       total 94208K, used 33429K [0x0000000080000000, 0x0000000085c00000, 0x00000000d5580000)
  object space 94208K, 35% used [0x0000000080000000,0x00000000820a56e8,0x0000000085c00000)
 Metaspace       used 62360K, capacity 65332K, committed 65576K, reserved 1105920K
  class space    used 8598K, capacity 9223K, committed 9264K, reserved 1048576K
Event: 46.836 GC heap after
Heap after GC invocations=16 (full 3):
 PSYoungGen      total 229376K, used 17489K [0x00000000d5580000, 0x00000000e6a80000, 0x0000000100000000)
  eden space 211456K, 0% used [0x00000000d5580000,0x00000000d5580000,0x00000000e2400000)
  from space 17920K, 97% used [0x00000000e2400000,0x00000000e3514710,0x00000000e3580000)
  to   space 20480K, 0% used [0x00000000e5680000,0x00000000e5680000,0x00000000e6a80000)
 ParOldGen       total 94208K, used 33437K [0x0000000080000000, 0x0000000085c00000, 0x00000000d5580000)
  object space 94208K, 35% used [0x0000000080000000,0x00000000820a76e8,0x0000000085c00000)
 Metaspace       used 62360K, capacity 65332K, committed 65576K, reserved 1105920K
  class space    used 8598K, capacity 9223K, committed 9264K, reserved 1048576K
}
Event: 56.495 GC heap before
{Heap before GC invocations=17 (full 3):
 PSYoungGen      total 229376K, used 228945K [0x00000000d5580000, 0x00000000e6a80000, 0x0000000100000000)
  eden space 211456K, 100% used [0x00000000d5580000,0x00000000e2400000,0x00000000e2400000)
  from space 17920K, 97% used [0x00000000e2400000,0x00000000e3514710,0x00000000e3580000)
  to   space 20480K, 0% used [0x00000000e5680000,0x00000000e5680000,0x00000000e6a80000)
 ParOldGen       total 94208K, used 33437K [0x0000000080000000, 0x0000000085c00000, 0x00000000d5580000)
  object space 94208K, 35% used [0x0000000080000000,0x00000000820a76e8,0x0000000085c00000)
 Metaspace       used 69587K, capacity 73148K, committed 73256K, reserved 1112064K
  class space    used 9584K, capacity 10287K, committed 10288K, reserved 1048576K
Event: 58.817 GC heap after
Heap after GC invocations=17 (full 3):
 PSYoungGen      total 250368K, used 20461K [0x00000000d5580000, 0x00000000ea600000, 0x0000000100000000)
  eden space 229888K, 0% used [0x00000000d5580000,0x00000000d5580000,0x00000000e3600000)
  from space 20480K, 99% used [0x00000000e5680000,0x00000000e6a7b5a8,0x00000000e6a80000)
  to   space 33280K, 0% used [0x00000000e3600000,0x00000000e3600000,0x00000000e5680000)
 ParOldGen       total 94208K, used 58946K [0x0000000080000000, 0x0000000085c00000, 0x00000000d5580000)
  object space 94208K, 62% used [0x0000000080000000,0x0000000083990bd0,0x0000000085c00000)
 Metaspace       used 69587K, capacity 73148K, committed 73256K, reserved 1112064K
  class space    used 9584K, capacity 10287K, committed 10288K, reserved 1048576K
}

