# JRE version: OpenJDK Runtime Environment (8.0_242-b01) (build 1.8.0_242-release-1644-b01)
# Java VM: OpenJDK 64-Bit Server VM (25.242-b01 mixed mode windows-amd64 compressed oops)
Heap:
 PSYoungGen      total 260096K, used 161495K [0x00000000d5580000, 0x00000000e9280000, 0x0000000100000000)
  eden space 232448K, 59% used [0x00000000d5580000,0x00000000ddd9bb60,0x00000000e3880000)
  from space 27648K, 80% used [0x00000000e3880000,0x00000000e4e1a3a8,0x00000000e5380000)
  to   space 29696K, 0% used [0x00000000e7580000,0x00000000e7580000,0x00000000e9280000)
 ParOldGen       total 82944K, used 52592K [0x0000000080000000, 0x0000000085100000, 0x00000000d5580000)
  object space 82944K, 63% used [0x0000000080000000,0x000000008335c378,0x0000000085100000)
 Metaspace       used 89839K, capacity 94680K, committed 95024K, reserved 1132544K
  class space    used 11881K, capacity 12735K, committed 12848K, reserved 1048576K
GC Heap History (10 events):
Event: 66.169 GC heap before
{Heap before GC invocations=20 (full 3):
 PSYoungGen      total 181248K, used 181144K [0x00000000d5580000, 0x00000000e2180000, 0x0000000100000000)
  eden space 168448K, 100% used [0x00000000d5580000,0x00000000dfa00000,0x00000000dfa00000)
  from space 12800K, 99% used [0x00000000e1500000,0x00000000e2166248,0x00000000e2180000)
  to   space 18432K, 0% used [0x00000000dfd80000,0x00000000dfd80000,0x00000000e0f80000)
 ParOldGen       total 82944K, used 30072K [0x0000000080000000, 0x0000000085100000, 0x00000000d5580000)
  object space 82944K, 36% used [0x0000000080000000,0x0000000081d5e270,0x0000000085100000)
 Metaspace       used 66240K, capacity 69058K, committed 69168K, reserved 1107968K
  class space    used 9129K, capacity 9712K, committed 9776K, reserved 1048576K
Event: 66.948 GC heap after
Heap after GC invocations=20 (full 3):
 PSYoungGen      total 190464K, used 18403K [0x00000000d5580000, 0x00000000e4880000, 0x0000000100000000)
  eden space 172032K, 0% used [0x00000000d5580000,0x00000000d5580000,0x00000000dfd80000)
  from space 18432K, 99% used [0x00000000dfd80000,0x00000000e0f78ee8,0x00000000e0f80000)
  to   space 22528K, 0% used [0x00000000e3280000,0x00000000e3280000,0x00000000e4880000)
 ParOldGen       total 82944K, used 33805K [0x0000000080000000, 0x0000000085100000, 0x00000000d5580000)
  object space 82944K, 40% used [0x0000000080000000,0x0000000082103598,0x0000000085100000)
 Metaspace       used 66240K, capacity 69058K, committed 69168K, reserved 1107968K
  class space    used 9129K, capacity 9712K, committed 9776K, reserved 1048576K
}
Event: 317.501 GC heap before
{Heap before GC invocations=21 (full 3):
 PSYoungGen      total 190464K, used 190435K [0x00000000d5580000, 0x00000000e4880000, 0x0000000100000000)
  eden space 172032K, 100% used [0x00000000d5580000,0x00000000dfd80000,0x00000000dfd80000)
  from space 18432K, 99% used [0x00000000dfd80000,0x00000000e0f78ee8,0x00000000e0f80000)
  to   space 22528K, 0% used [0x00000000e3280000,0x00000000e3280000,0x00000000e4880000)
 ParOldGen       total 82944K, used 33805K [0x0000000080000000, 0x0000000085100000, 0x00000000d5580000)
  object space 82944K, 40% used [0x0000000080000000,0x0000000082103598,0x0000000085100000)
 Metaspace       used 70668K, capacity 73792K, committed 73904K, reserved 1114112K
  class space    used 9415K, capacity 10077K, committed 10160K, reserved 1048576K
Event: 318.269 GC heap after
Heap after GC invocations=21 (full 3):
 PSYoungGen      total 225792K, used 12947K [0x00000000d5580000, 0x00000000e4980000, 0x0000000100000000)
  eden space 203264K, 0% used [0x00000000d5580000,0x00000000d5580000,0x00000000e1c00000)
  from space 22528K, 57% used [0x00000000e3280000,0x00000000e3f24f80,0x00000000e4880000)
  to   space 23040K, 0% used [0x00000000e1c00000,0x00000000e1c00000,0x00000000e3280000)
 ParOldGen       total 82944K, used 43581K [0x0000000080000000, 0x0000000085100000, 0x00000000d5580000)
  object space 82944K, 52% used [0x0000000080000000,0x0000000082a8f7f8,0x0000000085100000)
 Metaspace       used 70668K, capacity 73792K, committed 73904K, reserved 1114112K
  class space    used 9415K, capacity 10077K, committed 10160K, reserved 1048576K
}
Event: 378.534 GC heap before
{Heap before GC invocations=22 (full 3):
 PSYoungGen      total 225792K, used 216211K [0x00000000d5580000, 0x00000000e4980000, 0x0000000100000000)
  eden space 203264K, 100% used [0x00000000d5580000,0x00000000e1c00000,0x00000000e1c00000)
  from space 22528K, 57% used [0x00000000e3280000,0x00000000e3f24f80,0x00000000e4880000)
  to   space 23040K, 0% used [0x00000000e1c00000,0x00000000e1c00000,0x00000000e3280000)
 ParOldGen       total 82944K, used 43581K [0x0000000080000000, 0x0000000085100000, 0x00000000d5580000)
  object space 82944K, 52% used [0x0000000080000000,0x0000000082a8f7f8,0x0000000085100000)
 Metaspace       used 71438K, capacity 74918K, committed 75056K, reserved 1114112K
  class space    used 9475K, capacity 10186K, committed 10288K, reserved 1048576K
Event: 378.801 GC heap after
Heap after GC invocations=22 (full 3):
 PSYoungGen      total 226304K, used 15304K [0x00000000d5580000, 0x00000000e6a80000, 0x0000000100000000)
  eden space 203264K, 0% used [0x00000000d5580000,0x00000000d5580000,0x00000000e1c00000)
  from space 23040K, 66% used [0x00000000e1c00000,0x00000000e2af2020,0x00000000e3280000)
  to   space 23552K, 0% used [0x00000000e5380000,0x00000000e5380000,0x00000000e6a80000)
 ParOldGen       total 82944K, used 43589K [0x0000000080000000, 0x0000000085100000, 0x00000000d5580000)
  object space 82944K, 52% used [0x0000000080000000,0x0000000082a917f8,0x0000000085100000)
 Metaspace       used 71438K, capacity 74918K, committed 75056K, reserved 1114112K
  class space    used 9475K, capacity 10186K, committed 10288K, reserved 1048576K
}
Event: 664.252 GC heap before
{Heap before GC invocations=23 (full 3):
 PSYoungGen      total 226304K, used 218568K [0x00000000d5580000, 0x00000000e6a80000, 0x0000000100000000)
  eden space 203264K, 100% used [0x00000000d5580000,0x00000000e1c00000,0x00000000e1c00000)
  from space 23040K, 66% used [0x00000000e1c00000,0x00000000e2af2020,0x00000000e3280000)
  to   space 23552K, 0% used [0x00000000e5380000,0x00000000e5380000,0x00000000e6a80000)
 ParOldGen       total 82944K, used 43589K [0x0000000080000000, 0x0000000085100000, 0x00000000d5580000)
  object space 82944K, 52% used [0x0000000080000000,0x0000000082a917f8,0x0000000085100000)
 Metaspace       used 77682K, capacity 81334K, committed 81584K, reserved 1120256K
  class space    used 10213K, capacity 10896K, committed 10928K, reserved 1048576K
Event: 665.499 GC heap after
Heap after GC invocations=23 (full 3):
 PSYoungGen      total 256000K, used 23542K [0x00000000d5580000, 0x00000000e6e80000, 0x0000000100000000)
  eden space 232448K, 0% used [0x00000000d5580000,0x00000000d5580000,0x00000000e3880000)
  from space 23552K, 99% used [0x00000000e5380000,0x00000000e6a7da30,0x00000000e6a80000)
  to   space 27648K, 0% used [0x00000000e3880000,0x00000000e3880000,0x00000000e5380000)
 ParOldGen       total 82944K, used 43641K [0x0000000080000000, 0x0000000085100000, 0x00000000d5580000)
  object space 82944K, 52% used [0x0000000080000000,0x0000000082a9e5e0,0x0000000085100000)
 Metaspace       used 77682K, capacity 81334K, committed 81584K, reserved 1120256K
  class space    used 10213K, capacity 10896K, committed 10928K, reserved 1048576K
}
Event: 841.780 GC heap before
{Heap before GC invocations=24 (full 3):
 PSYoungGen      total 256000K, used 255990K [0x00000000d5580000, 0x00000000e6e80000, 0x0000000100000000)
  eden space 232448K, 100% used [0x00000000d5580000,0x00000000e3880000,0x00000000e3880000)
  from space 23552K, 99% used [0x00000000e5380000,0x00000000e6a7da30,0x00000000e6a80000)
  to   space 27648K, 0% used [0x00000000e3880000,0x00000000e3880000,0x00000000e5380000)
 ParOldGen       total 82944K, used 43641K [0x0000000080000000, 0x0000000085100000, 0x00000000d5580000)
  object space 82944K, 52% used [0x0000000080000000,0x0000000082a9e5e0,0x0000000085100000)
 Metaspace       used 88891K, capacity 93564K, committed 93872K, reserved 1130496K
  class space    used 11826K, capacity 12661K, committed 12720K, reserved 1048576K
Event: 843.756 GC heap after
Heap after GC invocations=24 (full 3):
 PSYoungGen      total 260096K, used 22120K [0x00000000d5580000, 0x00000000e9280000, 0x0000000100000000)
  eden space 232448K, 0% used [0x00000000d5580000,0x00000000d5580000,0x00000000e3880000)
  from space 27648K, 80% used [0x00000000e3880000,0x00000000e4e1a3a8,0x00000000e5380000)
  to   space 29696K, 0% used [0x00000000e7580000,0x00000000e7580000,0x00000000e9280000)
 ParOldGen       total 82944K, used 52592K [0x0000000080000000, 0x0000000085100000, 0x00000000d5580000)
  object space 82944K, 63% used [0x0000000080000000,0x000000008335c378,0x0000000085100000)
 Metaspace       used 88891K, capacity 93564K, committed 93872K, reserved 1130496K
  class space    used 11826K, capacity 12661K, committed 12720K, reserved 1048576K
}

