# JRE version: OpenJDK Runtime Environment (8.0_242-b01) (build 1.8.0_242-release-1644-b01)
# Java VM: OpenJDK 64-Bit Server VM (25.242-b01 mixed mode windows-amd64 compressed oops)
Heap:
 PSYoungGen      total 133632K, used 113339K [0x00000000d5580000, 0x00000000de180000, 0x0000000100000000)
  eden space 124928K, 90% used [0x00000000d5580000,0x00000000dc42ecb8,0x00000000dcf80000)
  from space 8704K, 0% used [0x00000000dd900000,0x00000000dd900000,0x00000000de180000)
  to   space 9216K, 0% used [0x00000000dcf80000,0x00000000dcf80000,0x00000000dd880000)
 ParOldGen       total 31744K, used 7371K [0x0000000080000000, 0x0000000081f00000, 0x00000000d5580000)
  object space 31744K, 23% used [0x0000000080000000,0x0000000080732ec8,0x0000000081f00000)
 Metaspace       used 31776K, capacity 32524K, committed 32816K, reserved 1077248K
  class space    used 4319K, capacity 4542K, committed 4656K, reserved 1048576K
GC Heap History (10 events):
Event: 5.300 GC heap before
{Heap before GC invocations=5 (full 0):
 PSYoungGen      total 34304K, used 34288K [0x00000000d5580000, 0x00000000d7980000, 0x0000000100000000)
  eden space 31744K, 100% used [0x00000000d5580000,0x00000000d7480000,0x00000000d7480000)
  from space 2560K, 99% used [0x00000000d7700000,0x00000000d797c010,0x00000000d7980000)
  to   space 2560K, 0% used [0x00000000d7480000,0x00000000d7480000,0x00000000d7700000)
 ParOldGen       total 42496K, used 1537K [0x0000000080000000, 0x0000000082980000, 0x00000000d5580000)
  object space 42496K, 3% used [0x0000000080000000,0x00000000801805c8,0x0000000082980000)
 Metaspace       used 11771K, capacity 12048K, committed 12288K, reserved 1060864K
  class space    used 1562K, capacity 1684K, committed 1792K, reserved 1048576K
Event: 5.310 GC heap after
Heap after GC invocations=5 (full 0):
 PSYoungGen      total 34304K, used 2544K [0x00000000d5580000, 0x00000000d9f80000, 0x0000000100000000)
  eden space 31744K, 0% used [0x00000000d5580000,0x00000000d5580000,0x00000000d7480000)
  from space 2560K, 99% used [0x00000000d7480000,0x00000000d76fc010,0x00000000d7700000)
  to   space 6144K, 0% used [0x00000000d9980000,0x00000000d9980000,0x00000000d9f80000)
 ParOldGen       total 42496K, used 4802K [0x0000000080000000, 0x0000000082980000, 0x00000000d5580000)
  object space 42496K, 11% used [0x0000000080000000,0x00000000804b0b30,0x0000000082980000)
 Metaspace       used 11771K, capacity 12048K, committed 12288K, reserved 1060864K
  class space    used 1562K, capacity 1684K, committed 1792K, reserved 1048576K
}
Event: 6.186 GC heap before
{Heap before GC invocations=6 (full 0):
 PSYoungGen      total 34304K, used 34288K [0x00000000d5580000, 0x00000000d9f80000, 0x0000000100000000)
  eden space 31744K, 100% used [0x00000000d5580000,0x00000000d7480000,0x00000000d7480000)
  from space 2560K, 99% used [0x00000000d7480000,0x00000000d76fc010,0x00000000d7700000)
  to   space 6144K, 0% used [0x00000000d9980000,0x00000000d9980000,0x00000000d9f80000)
 ParOldGen       total 42496K, used 4802K [0x0000000080000000, 0x0000000082980000, 0x00000000d5580000)
  object space 42496K, 11% used [0x0000000080000000,0x00000000804b0b30,0x0000000082980000)
 Metaspace       used 14855K, capacity 15276K, committed 15488K, reserved 1062912K
  class space    used 1965K, capacity 2122K, committed 2176K, reserved 1048576K
Event: 6.203 GC heap after
Heap after GC invocations=6 (full 0):
 PSYoungGen      total 68608K, used 5878K [0x00000000d5580000, 0x00000000da180000, 0x0000000100000000)
  eden space 62464K, 0% used [0x00000000d5580000,0x00000000d5580000,0x00000000d9280000)
  from space 6144K, 95% used [0x00000000d9980000,0x00000000d9f3d948,0x00000000d9f80000)
  to   space 7168K, 0% used [0x00000000d9280000,0x00000000d9280000,0x00000000d9980000)
 ParOldGen       total 42496K, used 4802K [0x0000000080000000, 0x0000000082980000, 0x00000000d5580000)
  object space 42496K, 11% used [0x0000000080000000,0x00000000804b0b30,0x0000000082980000)
 Metaspace       used 14855K, capacity 15276K, committed 15488K, reserved 1062912K
  class space    used 1965K, capacity 2122K, committed 2176K, reserved 1048576K
}
Event: 9.042 GC heap before
{Heap before GC invocations=7 (full 0):
 PSYoungGen      total 68608K, used 68342K [0x00000000d5580000, 0x00000000da180000, 0x0000000100000000)
  eden space 62464K, 100% used [0x00000000d5580000,0x00000000d9280000,0x00000000d9280000)
  from space 6144K, 95% used [0x00000000d9980000,0x00000000d9f3d948,0x00000000d9f80000)
  to   space 7168K, 0% used [0x00000000d9280000,0x00000000d9280000,0x00000000d9980000)
 ParOldGen       total 42496K, used 4802K [0x0000000080000000, 0x0000000082980000, 0x00000000d5580000)
  object space 42496K, 11% used [0x0000000080000000,0x00000000804b0b30,0x0000000082980000)
 Metaspace       used 20119K, capacity 20732K, committed 20992K, reserved 1067008K
  class space    used 2810K, capacity 3012K, committed 3072K, reserved 1048576K
Event: 9.059 GC heap after
Heap after GC invocations=7 (full 0):
 PSYoungGen      total 69632K, used 7151K [0x00000000d5580000, 0x00000000de280000, 0x0000000100000000)
  eden space 62464K, 0% used [0x00000000d5580000,0x00000000d5580000,0x00000000d9280000)
  from space 7168K, 99% used [0x00000000d9280000,0x00000000d997bed8,0x00000000d9980000)
  to   space 9728K, 0% used [0x00000000dd900000,0x00000000dd900000,0x00000000de280000)
 ParOldGen       total 42496K, used 8058K [0x0000000080000000, 0x0000000082980000, 0x00000000d5580000)
  object space 42496K, 18% used [0x0000000080000000,0x00000000807dead0,0x0000000082980000)
 Metaspace       used 20119K, capacity 20732K, committed 20992K, reserved 1067008K
  class space    used 2810K, capacity 3012K, committed 3072K, reserved 1048576K
}
Event: 9.212 GC heap before
{Heap before GC invocations=8 (full 0):
 PSYoungGen      total 69632K, used 16388K [0x00000000d5580000, 0x00000000de280000, 0x0000000100000000)
  eden space 62464K, 14% used [0x00000000d5580000,0x00000000d5e852c8,0x00000000d9280000)
  from space 7168K, 99% used [0x00000000d9280000,0x00000000d997bed8,0x00000000d9980000)
  to   space 9728K, 0% used [0x00000000dd900000,0x00000000dd900000,0x00000000de280000)
 ParOldGen       total 42496K, used 8058K [0x0000000080000000, 0x0000000082980000, 0x00000000d5580000)
  object space 42496K, 18% used [0x0000000080000000,0x00000000807dead0,0x0000000082980000)
 Metaspace       used 20657K, capacity 21228K, committed 21296K, reserved 1067008K
  class space    used 2891K, capacity 3084K, committed 3120K, reserved 1048576K
Event: 9.242 GC heap after
Heap after GC invocations=8 (full 0):
 PSYoungGen      total 133632K, used 4447K [0x00000000d5580000, 0x00000000de180000, 0x0000000100000000)
  eden space 124928K, 0% used [0x00000000d5580000,0x00000000d5580000,0x00000000dcf80000)
  from space 8704K, 51% used [0x00000000dd900000,0x00000000ddd57e18,0x00000000de180000)
  to   space 9216K, 0% used [0x00000000dcf80000,0x00000000dcf80000,0x00000000dd880000)
 ParOldGen       total 42496K, used 8714K [0x0000000080000000, 0x0000000082980000, 0x00000000d5580000)
  object space 42496K, 20% used [0x0000000080000000,0x0000000080882ad0,0x0000000082980000)
 Metaspace       used 20657K, capacity 21228K, committed 21296K, reserved 1067008K
  class space    used 2891K, capacity 3084K, committed 3120K, reserved 1048576K
}
Event: 9.243 GC heap before
{Heap before GC invocations=9 (full 1):
 PSYoungGen      total 133632K, used 4447K [0x00000000d5580000, 0x00000000de180000, 0x0000000100000000)
  eden space 124928K, 0% used [0x00000000d5580000,0x00000000d5580000,0x00000000dcf80000)
  from space 8704K, 51% used [0x00000000dd900000,0x00000000ddd57e18,0x00000000de180000)
  to   space 9216K, 0% used [0x00000000dcf80000,0x00000000dcf80000,0x00000000dd880000)
 ParOldGen       total 42496K, used 8714K [0x0000000080000000, 0x0000000082980000, 0x00000000d5580000)
  object space 42496K, 20% used [0x0000000080000000,0x0000000080882ad0,0x0000000082980000)
 Metaspace       used 20657K, capacity 21228K, committed 21296K, reserved 1067008K
  class space    used 2891K, capacity 3084K, committed 3120K, reserved 1048576K
Event: 9.433 GC heap after
Heap after GC invocations=9 (full 1):
 PSYoungGen      total 133632K, used 0K [0x00000000d5580000, 0x00000000de180000, 0x0000000100000000)
  eden space 124928K, 0% used [0x00000000d5580000,0x00000000d5580000,0x00000000dcf80000)
  from space 8704K, 0% used [0x00000000dd900000,0x00000000dd900000,0x00000000de180000)
  to   space 9216K, 0% used [0x00000000dcf80000,0x00000000dcf80000,0x00000000dd880000)
 ParOldGen       total 31744K, used 7371K [0x0000000080000000, 0x0000000081f00000, 0x00000000d5580000)
  object space 31744K, 23% used [0x0000000080000000,0x0000000080732ec8,0x0000000081f00000)
 Metaspace       used 20657K, capacity 21228K, committed 21296K, reserved 1067008K
  class space    used 2891K, capacity 3084K, committed 3120K, reserved 1048576K
}

