# JRE version: OpenJDK Runtime Environment (8.0_242-b01) (build 1.8.0_242-release-1644-b01)
# Java VM: OpenJDK 64-Bit Server VM (25.242-b01 mixed mode windows-amd64 compressed oops)
Heap:
 PSYoungGen      total 254976K, used 19305K [0x00000000d5580000, 0x00000000ec480000, 0x0000000100000000)
  eden space 233984K, 6% used [0x00000000d5580000,0x00000000d647e3f8,0x00000000e3a00000)
  from space 20992K, 18% used [0x00000000e5980000,0x00000000e5d5c1d8,0x00000000e6e00000)
  to   space 32256K, 0% used [0x00000000e3a00000,0x00000000e3a00000,0x00000000e5980000)
 ParOldGen       total 93184K, used 67296K [0x0000000080000000, 0x0000000085b00000, 0x00000000d5580000)
  object space 93184K, 72% used [0x0000000080000000,0x00000000841b8010,0x0000000085b00000)
 Metaspace       used 70803K, capacity 74192K, committed 74408K, reserved 1114112K
  class space    used 9663K, capacity 10333K, committed 10416K, reserved 1048576K
GC Heap History (10 events):
Event: 44.675 GC heap before
{Heap before GC invocations=16 (full 3):
 PSYoungGen      total 226816K, used 209408K [0x00000000d5580000, 0x00000000e4780000, 0x0000000100000000)
  eden space 209408K, 100% used [0x00000000d5580000,0x00000000e2200000,0x00000000e2200000)
  from space 17408K, 0% used [0x00000000e3380000,0x00000000e3380000,0x00000000e4480000)
  to   space 17920K, 0% used [0x00000000e2200000,0x00000000e2200000,0x00000000e3380000)
 ParOldGen       total 93184K, used 33463K [0x0000000080000000, 0x0000000085b00000, 0x00000000d5580000)
  object space 93184K, 35% used [0x0000000080000000,0x00000000820adec0,0x0000000085b00000)
 Metaspace       used 62215K, capacity 65048K, committed 65320K, reserved 1105920K
  class space    used 8563K, capacity 9163K, committed 9264K, reserved 1048576K
Event: 44.928 GC heap after
Heap after GC invocations=16 (full 3):
 PSYoungGen      total 227328K, used 17902K [0x00000000d5580000, 0x00000000e6e00000, 0x0000000100000000)
  eden space 209408K, 0% used [0x00000000d5580000,0x00000000d5580000,0x00000000e2200000)
  from space 17920K, 99% used [0x00000000e2200000,0x00000000e337ba28,0x00000000e3380000)
  to   space 20992K, 0% used [0x00000000e5980000,0x00000000e5980000,0x00000000e6e00000)
 ParOldGen       total 93184K, used 34620K [0x0000000080000000, 0x0000000085b00000, 0x00000000d5580000)
  object space 93184K, 37% used [0x0000000080000000,0x00000000821cf3b0,0x0000000085b00000)
 Metaspace       used 62215K, capacity 65048K, committed 65320K, reserved 1105920K
  class space    used 8563K, capacity 9163K, committed 9264K, reserved 1048576K
}
Event: 52.963 GC heap before
{Heap before GC invocations=17 (full 3):
 PSYoungGen      total 227328K, used 227310K [0x00000000d5580000, 0x00000000e6e00000, 0x0000000100000000)
  eden space 209408K, 100% used [0x00000000d5580000,0x00000000e2200000,0x00000000e2200000)
  from space 17920K, 99% used [0x00000000e2200000,0x00000000e337ba28,0x00000000e3380000)
  to   space 20992K, 0% used [0x00000000e5980000,0x00000000e5980000,0x00000000e6e00000)
 ParOldGen       total 93184K, used 34620K [0x0000000080000000, 0x0000000085b00000, 0x00000000d5580000)
  object space 93184K, 37% used [0x0000000080000000,0x00000000821cf3b0,0x0000000085b00000)
 Metaspace       used 69464K, capacity 72794K, committed 73000K, reserved 1112064K
  class space    used 9552K, capacity 10210K, committed 10288K, reserved 1048576K
Event: 55.288 GC heap after
Heap after GC invocations=17 (full 3):
 PSYoungGen      total 253952K, used 20985K [0x00000000d5580000, 0x00000000ead00000, 0x0000000100000000)
  eden space 232960K, 0% used [0x00000000d5580000,0x00000000d5580000,0x00000000e3900000)
  from space 20992K, 99% used [0x00000000e5980000,0x00000000e6dfe788,0x00000000e6e00000)
  to   space 33280K, 0% used [0x00000000e3900000,0x00000000e3900000,0x00000000e5980000)
 ParOldGen       total 93184K, used 58973K [0x0000000080000000, 0x0000000085b00000, 0x00000000d5580000)
  object space 93184K, 63% used [0x0000000080000000,0x0000000083997488,0x0000000085b00000)
 Metaspace       used 69464K, capacity 72794K, committed 73000K, reserved 1112064K
  class space    used 9552K, capacity 10210K, committed 10288K, reserved 1048576K
}
Event: 65.966 GC heap before
{Heap before GC invocations=18 (full 3):
 PSYoungGen      total 253952K, used 253945K [0x00000000d5580000, 0x00000000ead00000, 0x0000000100000000)
  eden space 232960K, 100% used [0x00000000d5580000,0x00000000e3900000,0x00000000e3900000)
  from space 20992K, 99% used [0x00000000e5980000,0x00000000e6dfe788,0x00000000e6e00000)
  to   space 33280K, 0% used [0x00000000e3900000,0x00000000e3900000,0x00000000e5980000)
 ParOldGen       total 93184K, used 58973K [0x0000000080000000, 0x0000000085b00000, 0x00000000d5580000)
  object space 93184K, 63% used [0x0000000080000000,0x0000000083997488,0x0000000085b00000)
 Metaspace       used 69915K, capacity 73348K, committed 73512K, reserved 1112064K
  class space    used 9581K, capacity 10247K, committed 10288K, reserved 1048576K
Event: 67.539 GC heap after
Heap after GC invocations=18 (full 3):
 PSYoungGen      total 266240K, used 2208K [0x00000000d5580000, 0x00000000ead00000, 0x0000000100000000)
  eden space 232960K, 0% used [0x00000000d5580000,0x00000000d5580000,0x00000000e3900000)
  from space 33280K, 6% used [0x00000000e3900000,0x00000000e3b28000,0x00000000e5980000)
  to   space 20992K, 0% used [0x00000000e5980000,0x00000000e5980000,0x00000000e6e00000)
 ParOldGen       total 93184K, used 78737K [0x0000000080000000, 0x0000000085b00000, 0x00000000d5580000)
  object space 93184K, 84% used [0x0000000080000000,0x0000000084ce4670,0x0000000085b00000)
 Metaspace       used 69915K, capacity 73348K, committed 73512K, reserved 1112064K
  class space    used 9581K, capacity 10247K, committed 10288K, reserved 1048576K
}
Event: 67.539 GC heap before
{Heap before GC invocations=19 (full 4):
 PSYoungGen      total 266240K, used 2208K [0x00000000d5580000, 0x00000000ead00000, 0x0000000100000000)
  eden space 232960K, 0% used [0x00000000d5580000,0x00000000d5580000,0x00000000e3900000)
  from space 33280K, 6% used [0x00000000e3900000,0x00000000e3b28000,0x00000000e5980000)
  to   space 20992K, 0% used [0x00000000e5980000,0x00000000e5980000,0x00000000e6e00000)
 ParOldGen       total 93184K, used 78737K [0x0000000080000000, 0x0000000085b00000, 0x00000000d5580000)
  object space 93184K, 84% used [0x0000000080000000,0x0000000084ce4670,0x0000000085b00000)
 Metaspace       used 69915K, capacity 73348K, committed 73512K, reserved 1112064K
  class space    used 9581K, capacity 10247K, committed 10288K, reserved 1048576K
Event: 70.467 GC heap after
Heap after GC invocations=19 (full 4):
 PSYoungGen      total 266240K, used 0K [0x00000000d5580000, 0x00000000ead00000, 0x0000000100000000)
  eden space 232960K, 0% used [0x00000000d5580000,0x00000000d5580000,0x00000000e3900000)
  from space 33280K, 0% used [0x00000000e3900000,0x00000000e3900000,0x00000000e5980000)
  to   space 20992K, 0% used [0x00000000e5980000,0x00000000e5980000,0x00000000e6e00000)
 ParOldGen       total 93184K, used 67288K [0x0000000080000000, 0x0000000085b00000, 0x00000000d5580000)
  object space 93184K, 72% used [0x0000000080000000,0x00000000841b6010,0x0000000085b00000)
 Metaspace       used 69679K, capacity 72690K, committed 73512K, reserved 1112064K
  class space    used 9501K, capacity 10104K, committed 10288K, reserved 1048576K
}
Event: 86.020 GC heap before
{Heap before GC invocations=20 (full 4):
 PSYoungGen      total 266240K, used 232960K [0x00000000d5580000, 0x00000000ead00000, 0x0000000100000000)
  eden space 232960K, 100% used [0x00000000d5580000,0x00000000e3900000,0x00000000e3900000)
  from space 33280K, 0% used [0x00000000e3900000,0x00000000e3900000,0x00000000e5980000)
  to   space 20992K, 0% used [0x00000000e5980000,0x00000000e5980000,0x00000000e6e00000)
 ParOldGen       total 93184K, used 67288K [0x0000000080000000, 0x0000000085b00000, 0x00000000d5580000)
  object space 93184K, 72% used [0x0000000080000000,0x00000000841b6010,0x0000000085b00000)
 Metaspace       used 70799K, capacity 74192K, committed 74408K, reserved 1114112K
  class space    used 9663K, capacity 10333K, committed 10416K, reserved 1048576K
Event: 86.426 GC heap after
Heap after GC invocations=20 (full 4):
 PSYoungGen      total 254976K, used 3952K [0x00000000d5580000, 0x00000000ec480000, 0x0000000100000000)
  eden space 233984K, 0% used [0x00000000d5580000,0x00000000d5580000,0x00000000e3a00000)
  from space 20992K, 18% used [0x00000000e5980000,0x00000000e5d5c1d8,0x00000000e6e00000)
  to   space 32256K, 0% used [0x00000000e3a00000,0x00000000e3a00000,0x00000000e5980000)
 ParOldGen       total 93184K, used 67296K [0x0000000080000000, 0x0000000085b00000, 0x00000000d5580000)
  object space 93184K, 72% used [0x0000000080000000,0x00000000841b8010,0x0000000085b00000)
 Metaspace       used 70799K, capacity 74192K, committed 74408K, reserved 1114112K
  class space    used 9663K, capacity 10333K, committed 10416K, reserved 1048576K
}

