# JRE version: OpenJDK Runtime Environment (8.0_242-b01) (build 1.8.0_242-release-1644-b01)
# Java VM: OpenJDK 64-Bit Server VM (25.242-b01 mixed mode windows-amd64 compressed oops)
Heap:
 PSYoungGen      total 314880K, used 231940K [0x00000000d5580000, 0x00000000eb300000, 0x0000000100000000)
  eden space 291328K, 71% used [0x00000000d5580000,0x00000000e2102888,0x00000000e7200000)
  from space 23552K, 99% used [0x00000000e7200000,0x00000000e88feb48,0x00000000e8900000)
  to   space 20992K, 0% used [0x00000000e8900000,0x00000000e8900000,0x00000000e9d80000)
 ParOldGen       total 83456K, used 46417K [0x0000000080000000, 0x0000000085180000, 0x00000000d5580000)
  object space 83456K, 55% used [0x0000000080000000,0x0000000082d54690,0x0000000085180000)
 Metaspace       used 69751K, capacity 72978K, committed 73240K, reserved 1112064K
  class space    used 9547K, capacity 10192K, committed 10288K, reserved 1048576K
GC Heap History (10 events):
Event: 19.838 GC heap before
{Heap before GC invocations=10 (full 2):
 PSYoungGen      total 228352K, used 8977K [0x00000000d5580000, 0x00000000e4300000, 0x0000000100000000)
  eden space 215552K, 0% used [0x00000000d5580000,0x00000000d5580000,0x00000000e2800000)
  from space 12800K, 70% used [0x00000000e3680000,0x00000000e3f444e8,0x00000000e4300000)
  to   space 13824K, 0% used [0x00000000e2800000,0x00000000e2800000,0x00000000e3580000)
 ParOldGen       total 36352K, used 13183K [0x0000000080000000, 0x0000000082380000, 0x00000000d5580000)
  object space 36352K, 36% used [0x0000000080000000,0x0000000080cdfe18,0x0000000082380000)
 Metaspace       used 34562K, capacity 35430K, committed 35496K, reserved 1079296K
  class space    used 4743K, capacity 5002K, committed 5040K, reserved 1048576K
Event: 20.111 GC heap after
Heap after GC invocations=10 (full 2):
 PSYoungGen      total 228352K, used 0K [0x00000000d5580000, 0x00000000e4300000, 0x0000000100000000)
  eden space 215552K, 0% used [0x00000000d5580000,0x00000000d5580000,0x00000000e2800000)
  from space 12800K, 0% used [0x00000000e3680000,0x00000000e3680000,0x00000000e4300000)
  to   space 13824K, 0% used [0x00000000e2800000,0x00000000e2800000,0x00000000e3580000)
 ParOldGen       total 52224K, used 15593K [0x0000000080000000, 0x0000000083300000, 0x00000000d5580000)
  object space 52224K, 29% used [0x0000000080000000,0x0000000080f3a4e8,0x0000000083300000)
 Metaspace       used 34562K, capacity 35430K, committed 35496K, reserved 1079296K
  class space    used 4743K, capacity 5002K, committed 5040K, reserved 1048576K
}
Event: 33.640 GC heap before
{Heap before GC invocations=11 (full 2):
 PSYoungGen      total 228352K, used 215552K [0x00000000d5580000, 0x00000000e4300000, 0x0000000100000000)
  eden space 215552K, 100% used [0x00000000d5580000,0x00000000e2800000,0x00000000e2800000)
  from space 12800K, 0% used [0x00000000e3680000,0x00000000e3680000,0x00000000e4300000)
  to   space 13824K, 0% used [0x00000000e2800000,0x00000000e2800000,0x00000000e3580000)
 ParOldGen       total 52224K, used 15593K [0x0000000080000000, 0x0000000083300000, 0x00000000d5580000)
  object space 52224K, 29% used [0x0000000080000000,0x0000000080f3a4e8,0x0000000083300000)
 Metaspace       used 53317K, capacity 55094K, committed 55336K, reserved 1097728K
  class space    used 7235K, capacity 7648K, committed 7728K, reserved 1048576K
Event: 34.448 GC heap after
Heap after GC invocations=11 (full 2):
 PSYoungGen      total 229376K, used 13804K [0x00000000d5580000, 0x00000000e9d80000, 0x0000000100000000)
  eden space 215552K, 0% used [0x00000000d5580000,0x00000000d5580000,0x00000000e2800000)
  from space 13824K, 99% used [0x00000000e2800000,0x00000000e357b330,0x00000000e3580000)
  to   space 20992K, 0% used [0x00000000e8900000,0x00000000e8900000,0x00000000e9d80000)
 ParOldGen       total 52224K, used 28357K [0x0000000080000000, 0x0000000083300000, 0x00000000d5580000)
  object space 52224K, 54% used [0x0000000080000000,0x0000000081bb1740,0x0000000083300000)
 Metaspace       used 53317K, capacity 55094K, committed 55336K, reserved 1097728K
  class space    used 7235K, capacity 7648K, committed 7728K, reserved 1048576K
}
Event: 37.655 GC heap before
{Heap before GC invocations=12 (full 2):
 PSYoungGen      total 229376K, used 64137K [0x00000000d5580000, 0x00000000e9d80000, 0x0000000100000000)
  eden space 215552K, 23% used [0x00000000d5580000,0x00000000d86a7428,0x00000000e2800000)
  from space 13824K, 99% used [0x00000000e2800000,0x00000000e357b330,0x00000000e3580000)
  to   space 20992K, 0% used [0x00000000e8900000,0x00000000e8900000,0x00000000e9d80000)
 ParOldGen       total 52224K, used 28357K [0x0000000080000000, 0x0000000083300000, 0x00000000d5580000)
  object space 52224K, 54% used [0x0000000080000000,0x0000000081bb1740,0x0000000083300000)
 Metaspace       used 57009K, capacity 58964K, committed 59160K, reserved 1099776K
  class space    used 7806K, capacity 8235K, committed 8240K, reserved 1048576K
Event: 38.048 GC heap after
Heap after GC invocations=12 (full 2):
 PSYoungGen      total 312320K, used 18371K [0x00000000d5580000, 0x00000000eb300000, 0x0000000100000000)
  eden space 291328K, 0% used [0x00000000d5580000,0x00000000d5580000,0x00000000e7200000)
  from space 20992K, 87% used [0x00000000e8900000,0x00000000e9af0c30,0x00000000e9d80000)
  to   space 23552K, 0% used [0x00000000e7200000,0x00000000e7200000,0x00000000e8900000)
 ParOldGen       total 52224K, used 28365K [0x0000000080000000, 0x0000000083300000, 0x00000000d5580000)
  object space 52224K, 54% used [0x0000000080000000,0x0000000081bb3740,0x0000000083300000)
 Metaspace       used 57009K, capacity 58964K, committed 59160K, reserved 1099776K
  class space    used 7806K, capacity 8235K, committed 8240K, reserved 1048576K
}
Event: 38.048 GC heap before
{Heap before GC invocations=13 (full 3):
 PSYoungGen      total 312320K, used 18371K [0x00000000d5580000, 0x00000000eb300000, 0x0000000100000000)
  eden space 291328K, 0% used [0x00000000d5580000,0x00000000d5580000,0x00000000e7200000)
  from space 20992K, 87% used [0x00000000e8900000,0x00000000e9af0c30,0x00000000e9d80000)
  to   space 23552K, 0% used [0x00000000e7200000,0x00000000e7200000,0x00000000e8900000)
 ParOldGen       total 52224K, used 28365K [0x0000000080000000, 0x0000000083300000, 0x00000000d5580000)
  object space 52224K, 54% used [0x0000000080000000,0x0000000081bb3740,0x0000000083300000)
 Metaspace       used 57009K, capacity 58964K, committed 59160K, reserved 1099776K
  class space    used 7806K, capacity 8235K, committed 8240K, reserved 1048576K
Event: 39.855 GC heap after
Heap after GC invocations=13 (full 3):
 PSYoungGen      total 312320K, used 0K [0x00000000d5580000, 0x00000000eb300000, 0x0000000100000000)
  eden space 291328K, 0% used [0x00000000d5580000,0x00000000d5580000,0x00000000e7200000)
  from space 20992K, 0% used [0x00000000e8900000,0x00000000e8900000,0x00000000e9d80000)
  to   space 23552K, 0% used [0x00000000e7200000,0x00000000e7200000,0x00000000e8900000)
 ParOldGen       total 83456K, used 34086K [0x0000000080000000, 0x0000000085180000, 0x00000000d5580000)
  object space 83456K, 40% used [0x0000000080000000,0x0000000082149998,0x0000000085180000)
 Metaspace       used 57009K, capacity 58964K, committed 59160K, reserved 1099776K
  class space    used 7806K, capacity 8235K, committed 8240K, reserved 1048576K
}
Event: 58.175 GC heap before
{Heap before GC invocations=14 (full 3):
 PSYoungGen      total 312320K, used 291328K [0x00000000d5580000, 0x00000000eb300000, 0x0000000100000000)
  eden space 291328K, 100% used [0x00000000d5580000,0x00000000e7200000,0x00000000e7200000)
  from space 20992K, 0% used [0x00000000e8900000,0x00000000e8900000,0x00000000e9d80000)
  to   space 23552K, 0% used [0x00000000e7200000,0x00000000e7200000,0x00000000e8900000)
 ParOldGen       total 83456K, used 34086K [0x0000000080000000, 0x0000000085180000, 0x00000000d5580000)
  object space 83456K, 40% used [0x0000000080000000,0x0000000082149998,0x0000000085180000)
 Metaspace       used 65707K, capacity 68710K, committed 68888K, reserved 1107968K
  class space    used 9053K, capacity 9674K, committed 9776K, reserved 1048576K
Event: 58.972 GC heap after
Heap after GC invocations=14 (full 3):
 PSYoungGen      total 314880K, used 23546K [0x00000000d5580000, 0x00000000eb300000, 0x0000000100000000)
  eden space 291328K, 0% used [0x00000000d5580000,0x00000000d5580000,0x00000000e7200000)
  from space 23552K, 99% used [0x00000000e7200000,0x00000000e88feb48,0x00000000e8900000)
  to   space 20992K, 0% used [0x00000000e8900000,0x00000000e8900000,0x00000000e9d80000)
 ParOldGen       total 83456K, used 46417K [0x0000000080000000, 0x0000000085180000, 0x00000000d5580000)
  object space 83456K, 55% used [0x0000000080000000,0x0000000082d54690,0x0000000085180000)
 Metaspace       used 65707K, capacity 68710K, committed 68888K, reserved 1107968K
  class space    used 9053K, capacity 9674K, committed 9776K, reserved 1048576K
}

